# JRE version: OpenJDK Runtime Environment (8.0_272-b10) (build 1.8.0_272-8u272-b10-0ubuntu1~20.04-b10)
# Java VM: OpenJDK 64-Bit Server VM (25.272-b10 mixed mode linux-amd64 compressed oops)
Heap:
 PSYoungGen      total 72704K, used 26233K [0x000000076f500000, 0x0000000778300000, 0x00000007c0000000)
  eden space 62464K, 41% used [0x000000076f500000,0x0000000770e9e4d0,0x0000000773200000)
  from space 10240K, 0% used [0x0000000773c00000,0x0000000773c00000,0x0000000774600000)
  to   space 10240K, 0% used [0x0000000773200000,0x0000000773200000,0x0000000773c00000)
 ParOldGen       total 113152K, used 12824K [0x00000006cde00000, 0x00000006d4c80000, 0x000000076f500000)
  object space 113152K, 11% used [0x00000006cde00000,0x00000006cea86270,0x00000006d4c80000)
 Metaspace       used 24459K, capacity 26808K, committed 27008K, reserved 1073152K
  class space    used 2814K, capacity 3443K, committed 3456K, reserved 1048576K
GC Heap History (6 events):
Event: 1,154 GC heap before
{Heap before GC invocations=1 (full 0):
 PSYoungGen      total 72704K, used 62464K [0x000000076f500000, 0x0000000774600000, 0x00000007c0000000)
  eden space 62464K, 100% used [0x000000076f500000,0x0000000773200000,0x0000000773200000)
  from space 10240K, 0% used [0x0000000773c00000,0x0000000773c00000,0x0000000774600000)
  to   space 10240K, 0% used [0x0000000773200000,0x0000000773200000,0x0000000773c00000)
 ParOldGen       total 166912K, used 0K [0x00000006cde00000, 0x00000006d8100000, 0x000000076f500000)
  object space 166912K, 0% used [0x00000006cde00000,0x00000006cde00000,0x00000006d8100000)
 Metaspace       used 16361K, capacity 17852K, committed 17920K, reserved 1064960K
  class space    used 1676K, capacity 2030K, committed 2048K, reserved 1048576K
Event: 1,165 GC heap after
Heap after GC invocations=1 (full 0):
 PSYoungGen      total 72704K, used 10223K [0x000000076f500000, 0x0000000774600000, 0x00000007c0000000)
  eden space 62464K, 0% used [0x000000076f500000,0x000000076f500000,0x0000000773200000)
  from space 10240K, 99% used [0x0000000773200000,0x0000000773bfbeb0,0x0000000773c00000)
  to   space 10240K, 0% used [0x0000000773c00000,0x0000000773c00000,0x0000000774600000)
 ParOldGen       total 166912K, used 6723K [0x00000006cde00000, 0x00000006d8100000, 0x000000076f500000)
  object space 166912K, 4% used [0x00000006cde00000,0x00000006ce490cc8,0x00000006d8100000)
 Metaspace       used 16361K, capacity 17852K, committed 17920K, reserved 1064960K
  class space    used 1676K, capacity 2030K, committed 2048K, reserved 1048576K
}
Event: 1,349 GC heap before
{Heap before GC invocations=2 (full 0):
 PSYoungGen      total 72704K, used 21727K [0x000000076f500000, 0x0000000774600000, 0x00000007c0000000)
  eden space 62464K, 18% used [0x000000076f500000,0x000000077003bd90,0x0000000773200000)
  from space 10240K, 99% used [0x0000000773200000,0x0000000773bfbeb0,0x0000000773c00000)
  to   space 10240K, 0% used [0x0000000773c00000,0x0000000773c00000,0x0000000774600000)
 ParOldGen       total 166912K, used 6723K [0x00000006cde00000, 0x00000006d8100000, 0x000000076f500000)
  object space 166912K, 4% used [0x00000006cde00000,0x00000006ce490cc8,0x00000006d8100000)
 Metaspace       used 19253K, capacity 21154K, committed 21296K, reserved 1069056K
  class space    used 2160K, capacity 2688K, committed 2688K, reserved 1048576K
Event: 1,357 GC heap after
Heap after GC invocations=2 (full 0):
 PSYoungGen      total 72704K, used 10211K [0x000000076f500000, 0x0000000778300000, 0x00000007c0000000)
  eden space 62464K, 0% used [0x000000076f500000,0x000000076f500000,0x0000000773200000)
  from space 10240K, 99% used [0x0000000773c00000,0x00000007745f8f48,0x0000000774600000)
  to   space 10240K, 0% used [0x0000000773200000,0x0000000773200000,0x0000000773c00000)
 ParOldGen       total 166912K, used 9354K [0x00000006cde00000, 0x00000006d8100000, 0x000000076f500000)
  object space 166912K, 5% used [0x00000006cde00000,0x00000006ce7229f8,0x00000006d8100000)
 Metaspace       used 19253K, capacity 21154K, committed 21296K, reserved 1069056K
  class space    used 2160K, capacity 2688K, committed 2688K, reserved 1048576K
}
Event: 1,357 GC heap before
{Heap before GC invocations=3 (full 1):
 PSYoungGen      total 72704K, used 10211K [0x000000076f500000, 0x0000000778300000, 0x00000007c0000000)
  eden space 62464K, 0% used [0x000000076f500000,0x000000076f500000,0x0000000773200000)
  from space 10240K, 99% used [0x0000000773c00000,0x00000007745f8f48,0x0000000774600000)
  to   space 10240K, 0% used [0x0000000773200000,0x0000000773200000,0x0000000773c00000)
 ParOldGen       total 166912K, used 9354K [0x00000006cde00000, 0x00000006d8100000, 0x000000076f500000)
  object space 166912K, 5% used [0x00000006cde00000,0x00000006ce7229f8,0x00000006d8100000)
 Metaspace       used 19253K, capacity 21154K, committed 21296K, reserved 1069056K
  class space    used 2160K, capacity 2688K, committed 2688K, reserved 1048576K
Event: 1,389 GC heap after
Heap after GC invocations=3 (full 1):
 PSYoungGen      total 72704K, used 0K [0x000000076f500000, 0x0000000778300000, 0x00000007c0000000)
  eden space 62464K, 0% used [0x000000076f500000,0x000000076f500000,0x0000000773200000)
  from space 10240K, 0% used [0x0000000773c00000,0x0000000773c00000,0x0000000774600000)
  to   space 10240K, 0% used [0x0000000773200000,0x0000000773200000,0x0000000773c00000)
 ParOldGen       total 113152K, used 12824K [0x00000006cde00000, 0x00000006d4c80000, 0x000000076f500000)
  object space 113152K, 11% used [0x00000006cde00000,0x00000006cea86270,0x00000006d4c80000)
 Metaspace       used 19253K, capacity 21154K, committed 21296K, reserved 1069056K
  class space    used 2160K, capacity 2688K, committed 2688K, reserved 1048576K
}

